+ Looking in Elf
+ Looking in Elf\Alpha
+ Looking in Elf\ARM
+ Looking in Elf\ARM\angr-685
   Found subject.cmd
   @ exe_and_args:Elf\ARM\angr-685: ['decompile.exe', '--heuristic', 'shingle', '--dasm-bytes', 'RTOSDemo.axf']
+ Looking in Elf\ARM\angr-685\RTOSDemo.reko
+ Looking in Elf\ARM\arm_obj
+ Looking in Elf\ARM\arm_obj\arm_obj.reko
+ Looking in Elf\ARM\switch
   Found subject.cmd
   @ exe_and_args:Elf\ARM\switch: ['decompile.exe', 'switch']
+ Looking in Elf\ARM\switch\src
+ Looking in Elf\ARM\switch\switch.reko
+ Looking in Elf\ARM64
+ Looking in Elf\ARM64\arm64_elf
   Found subject.cmd
   @ exe_and_args:Elf\ARM64\arm64_elf: ['decompile.exe', '--heuristic', 'shingle', '--dasm-bytes', '--dasm-address', 'subject.exe']
+ Looking in Elf\ARM64\arm64_elf\subject.reko
+ Looking in Elf\ARM64\bash
   Found subject.cmd
   @ exe_and_args:Elf\ARM64\bash: []
   @ exe_and_args:Elf\ARM64\bash: []
   @ exe_and_args:Elf\ARM64\bash: []
+ Looking in Elf\ARM64\spinner
   Found subject.cmd
   @ exe_and_args:Elf\ARM64\spinner: []
   @ exe_and_args:Elf\ARM64\spinner: []
   @ exe_and_args:Elf\ARM64\spinner: []
   @ exe_and_args:Elf\ARM64\spinner: []
   @ exe_and_args:Elf\ARM64\spinner: []
   @ exe_and_args:Elf\ARM64\spinner: []
+ Looking in Elf\AVR
+ Looking in Elf\m68k
+ Looking in Elf\MIPS
+ Looking in Elf\MIPS\animals
+ Looking in Elf\MIPS\animals\src
+ Looking in Elf\MIPS\hello64
   Found subject.cmd
   @ exe_and_args:Elf\MIPS\hello64: []
   @ exe_and_args:Elf\MIPS\hello64: []
+ Looking in Elf\MIPS\hello64\src
+ Looking in Elf\MIPS\redir
   Found subject.cmd
   @ exe_and_args:Elf\MIPS\redir: ['decompile.exe', '--heuristic', 'shingle', '--heuristic', 'shingle', 'redir']
+ Looking in Elf\MIPS\redir\redir.reko
+ Looking in Elf\MIPS\swlswr
   Found subject.cmd
   @ exe_and_args:Elf\MIPS\swlswr: ['decompile.exe', '--heuristic', 'shingle', 'test']
+ Looking in Elf\MIPS\swlswr\src
+ Looking in Elf\MIPS\swlswr\test.reko
+ Looking in Elf\MIPS\test2a
+ Looking in Elf\Msp430
   Found subject.cmd
   @ exe_and_args:Elf\Msp430: ['decompile', '--heuristic', 'shingle', 'a.out']
+ Looking in Elf\Msp430\a.reko
+ Looking in Elf\nanoMips
+ Looking in Elf\nanoMips\adddf3
   Found subject.cmd
   @ exe_and_args:Elf\nanoMips\adddf3: ['decompile.exe', 'adddf3.o']
+ Looking in Elf\nanoMips\adddf3\adddf3.reko
+ Looking in Elf\PPC64
+ Looking in Elf\PPC64\animals
   Found subject.cmd
   @ exe_and_args:Elf\PPC64\animals: []
   @ exe_and_args:Elf\PPC64\animals: []
+ Looking in Elf\PPC64\animals\src
+ Looking in Elf\RiscV
+ Looking in Elf\RiscV\ipcalc
+ Looking in Elf\RiscV\mod_request
+ Looking in Elf\RiscV\mod_request\mod_request.reko
+ Looking in Elf\Sparc
+ Looking in Elf\Sparc\from_boomerang
   Found subject.cmd
   @ exe_and_args:Elf\Sparc\from_boomerang: ['decompile.exe', 'subject.exe']
+ Looking in Elf\Sparc\from_boomerang\subject.reko
+ Looking in Elf\Sparc\rtems
   Found subject.cmd
   @ exe_and_args:Elf\Sparc\rtems: ['decompile.exe', '--heuristic', 'shingle', '--heuristic', 'shingle', 'sparc-rtems-unprotoize']
+ Looking in Elf\Sparc\rtems\sparc-rtems-unprotoize.reko
+ Looking in Elf\x86
+ Looking in Elf\x86-64
+ Looking in Elf\x86-64\ais3_crackme
   Found subject.cmd
   @ exe_and_args:Elf\x86-64\ais3_crackme: ['decompile.exe', '--heuristic', 'shingle', '--heuristic', 'shingle', 'ais3_crackme']
+ Looking in Elf\x86-64\ais3_crackme\ais3_crackme.reko
+ Looking in Elf\x86-64\ls
   Found subject.cmd
   @ exe_and_args:Elf\x86-64\ls: ['decompile.exe', '--heuristic', 'shingle', 'ls']
+ Looking in Elf\x86-64\ls\ls.reko
+ Looking in Elf\x86-64\pngpixel
   Found subject.cmd
   @ exe_and_args:Elf\x86-64\pngpixel: ['decompile.exe', '--heuristic', 'shingle', 'pngpixel']
+ Looking in Elf\x86-64\pngpixel\pngpixel.reko
+ Looking in Elf\x86-64\retpoline
   Found subject.cmd
   @ exe_and_args:Elf\x86-64\retpoline: ['decompile.exe', '--heuristic', 'shingle', 'retpoline.elf']
   @ exe_and_args:Elf\x86-64\retpoline: ['decompile.exe', '--heuristic', 'shingle', 'retpoline_stripped.elf']
+ Looking in Elf\x86-64\retpoline\retpoline.reko
+ Looking in Elf\x86-64\retpoline\retpoline_stripped.reko
+ Looking in Elf\x86-64\retpoline\src
+ Looking in Elf\x86-64\simd_double
   Found subject.cmd
   @ exe_and_args:Elf\x86-64\simd_double: ['decompile.exe', '--heuristic', 'shingle', 'simd_double']
+ Looking in Elf\x86-64\simd_double\simd_double.reko
+ Looking in Elf\zSeries
+ Looking in Elf\zSeries\fib
   Found subject.cmd
   @ exe_and_args:Elf\zSeries\fib: ['decompile.exe', 'example']
+ Looking in Elf\zSeries\fib\example.reko
!!! adddf3.o timed out
!!! ais3_crackme timed out
!!! example timed out
!!! ls timed out
!!! pngpixel timed out
!!! retpoline.elf timed out
!!! retpoline_stripped.elf timed out
!!! simd_double timed out
!!! sparc-rtems-unprotoize timed out
=== Elf\ARM64\arm64_elf\Elf\ARM64\arm64_elf\subject.exe
=== Elf\ARM\angr-685\Elf\ARM\angr-685\RTOSDemo.axf
*** Elf\ARM\angr-685\Elf\ARM\angr-685\RTOSDemo.axf
0000951A: error: An error occurred while processing the statement Mem21[r3_14 + 0x00000000:word32] = Mem19[r3_14 - r4_11 + 0x00000000:word32].
    Not handling (ptr32 (struct (0 T_7419 t0000))) and (ptr32 (struct (0 (arr T_9524) a0000))) yet.
       at Reko.Typing.ExpressionTypeDescender.PushMinuendDataType(DataType dtDiff, DataType dtSub) in D:\dev\uxmal\reko\master\src\Decompiler\Typing\ExpressionTypeDescender.cs:line 377
   at Reko.Typing.ExpressionTypeDescender.VisitBinaryExpression(BinaryExpression binExp, TypeVariable tv) in D:\dev\uxmal\reko\master\src\Decompiler\Typing\ExpressionTypeDescender.cs:line 227
   at Reko.Core.Expressions.BinaryExpression.Accept[T,C](ExpressionVisitor`2 v, C context) in D:\dev\uxmal\reko\master\src\Core\Expressions\BinaryExpression.cs:line 54
   at Reko.Typing.ExpressionTypeDescender.VisitMemoryAccess(Expression basePointer, TypeVariable tvAccess, Expression effectiveAddress, Expression globals) in D:\dev\uxmal\reko\master\src\Decompiler\Typing\ExpressionTypeDescender.cs:line 564
   at Reko.Typing.ExpressionTypeDescender.VisitMemoryAccess(MemoryAccess access, TypeVariable tv) in D:\dev\uxmal\reko\master\src\Decompiler\Typing\ExpressionTypeDescender.cs:line 497
   at Reko.Core.Expressions.MemoryAccess.Accept[T,C](ExpressionVisitor`2 v, C context) in D:\dev\uxmal\reko\master\src\Core\Expressions\MemoryAccess.cs:line 71
   at Reko.Typing.TypeCollector.VisitStore(Store store) in D:\dev\uxmal\reko\master\src\Decompiler\Typing\TypeCollector.cs:line 241
   at Reko.Core.Code.Store.Accept(InstructionVisitor v) in D:\dev\uxmal\reko\master\src\Core\Code\Assignment.cs:line 87
   at Reko.Typing.TypeCollector.CollectTypes() in D:\dev\uxmal\reko\master\src\Decompiler\Typing\TypeCollector.cs:line 85
0000A284: warning: Expected sizes of arrays to have been determined by now
20000000: warning: Expected sizes of arrays to have been determined by now
0000A2A4: warning: Expected sizes of arrays to have been determined by now
0000A554: warning: Expected sizes of arrays to have been determined by now
0000A284: warning: Expected sizes of arrays to have been determined by now
0000A2A4: warning: Expected sizes of arrays to have been determined by now
0000A554: warning: Expected sizes of arrays to have been determined by now
20000000: warning: Expected sizes of arrays to have been determined by now
=== Elf\ARM\switch\Elf\ARM\switch\switch
=== Elf\MIPS\redir\Elf\MIPS\redir\redir
=== Elf\MIPS\swlswr\Elf\MIPS\swlswr\test
=== Elf\Msp430\Elf\Msp430\a.out
*** Elf\Msp430\Elf\Msp430\a.out
00005208: error: An error occurred while processing the statement return r15 - 0x001C.
    Pulling difference (ptr20 (struct (0 T_2650 t0000))) and (union (ui20 u1) (word16 u0))
       at Reko.Core.Expressions.ExpressionTypeAscenderBase.PullDiffDataType(DataType dtLeft, DataType dtRight) in D:\dev\uxmal\reko\master\src\Core\Expressions\ExpressionTypeAscenderBase.cs:line 272
   at Reko.Core.Expressions.ExpressionTypeAscenderBase.VisitBinaryExpression(BinaryExpression binExp) in D:\dev\uxmal\reko\master\src\Core\Expressions\ExpressionTypeAscenderBase.cs:line 109
   at Reko.Core.Expressions.BinaryExpression.Accept[T](ExpressionVisitor`1 v) in D:\dev\uxmal\reko\master\src\Core\Expressions\BinaryExpression.cs:line 59
   at Reko.Typing.TypeCollector.VisitReturnInstruction(ReturnInstruction ret) in D:\dev\uxmal\reko\master\src\Decompiler\Typing\TypeCollector.cs:line 224
   at Reko.Core.Code.ReturnInstruction.Accept(InstructionVisitor v) in D:\dev\uxmal\reko\master\src\Core\Code\Instruction.cs:line 135
   at Reko.Typing.TypeCollector.CollectTypes() in D:\dev\uxmal\reko\master\src\Decompiler\Typing\TypeCollector.cs:line 85
00000200: warning: Expected sizes of arrays to have been determined by now
0000021C: warning: Expected sizes of arrays to have been determined by now
00000222: warning: Expected sizes of arrays to have been determined by now
00000226: warning: Expected sizes of arrays to have been determined by now
00000200: warning: Expected sizes of arrays to have been determined by now
0000021C: warning: Expected sizes of arrays to have been determined by now
00000222: warning: Expected sizes of arrays to have been determined by now
00000226: warning: Expected sizes of arrays to have been determined by now
=== Elf\RiscV\ipcalc\Elf\RiscV\ipcalc\ipcalc.dcproject
=== Elf\Sparc\from_boomerang\Elf\Sparc\from_boomerang\subject.exe
Stripping SSA identifier numbers
Decompiled 17 binaries in 8.88 seconds ---
